[2024-04-04T12:02:39.725+0000] {taskinstance.py:1979} INFO - Dependencies all met for dep_context=non-requeueable deps ti=<TaskInstance: conrad_coding_test.task_2_spark manual__2024-04-04T12:01:25.818713+00:00 [queued]>
[2024-04-04T12:02:39.732+0000] {taskinstance.py:1979} INFO - Dependencies all met for dep_context=requeueable deps ti=<TaskInstance: conrad_coding_test.task_2_spark manual__2024-04-04T12:01:25.818713+00:00 [queued]>
[2024-04-04T12:02:39.732+0000] {taskinstance.py:2193} INFO - Starting attempt 2 of 2
[2024-04-04T12:02:39.750+0000] {taskinstance.py:2217} INFO - Executing <Task(DockerOperator): task_2_spark> on 2024-04-04 12:01:25.818713+00:00
[2024-04-04T12:02:39.762+0000] {standard_task_runner.py:60} INFO - Started process 142395 to run task
[2024-04-04T12:02:39.770+0000] {standard_task_runner.py:87} INFO - Running: ['airflow', 'tasks', 'run', 'conrad_coding_test', 'task_2_spark', 'manual__2024-04-04T12:01:25.818713+00:00', '--job-id', '21', '--raw', '--subdir', 'DAGS_FOLDER/dag_spark_multi_source_test_docker.py', '--cfg-path', '/tmp/tmp4y061_4s']
[2024-04-04T12:02:39.774+0000] {standard_task_runner.py:88} INFO - Job 21: Subtask task_2_spark
[2024-04-04T12:02:39.831+0000] {task_command.py:423} INFO - Running <TaskInstance: conrad_coding_test.task_2_spark manual__2024-04-04T12:01:25.818713+00:00 [running]> on host de-zoomcamp.us-central1-a.c.my-zhe-414813.internal
[2024-04-04T12:02:39.905+0000] {taskinstance.py:2513} INFO - Exporting env vars: AIRFLOW_CTX_DAG_OWNER='airflow' AIRFLOW_CTX_DAG_ID='conrad_coding_test' AIRFLOW_CTX_TASK_ID='task_2_spark' AIRFLOW_CTX_EXECUTION_DATE='2024-04-04T12:01:25.818713+00:00' AIRFLOW_CTX_TRY_NUMBER='2' AIRFLOW_CTX_DAG_RUN_ID='manual__2024-04-04T12:01:25.818713+00:00'
[2024-04-04T12:02:39.934+0000] {docker.py:359} INFO - Starting docker container from image sparkhome:latest
[2024-04-04T12:02:40.547+0000] {docker.py:429} INFO - Unsetting extraneous env vars (UTC): 12:02:40
[2024-04-04T12:02:40.547+0000] {docker.py:429} INFO - Finished unsetting extraneous env vars (UTC): 12:02:40
[2024-04-04T12:02:40.554+0000] {docker.py:429} INFO - ++ id -u
[2024-04-04T12:02:40.554+0000] {docker.py:429} INFO - + myuid=0
[2024-04-04T12:02:40.559+0000] {docker.py:429} INFO - ++ id -g
[2024-04-04T12:02:40.559+0000] {docker.py:429} INFO - + mygid=0
[2024-04-04T12:02:40.559+0000] {docker.py:429} INFO - + set +e
[2024-04-04T12:02:40.560+0000] {docker.py:429} INFO - ++ getent passwd 0
[2024-04-04T12:02:40.560+0000] {docker.py:429} INFO - + uidentry=root:x:0:0:root:/root:/bin/bash
[2024-04-04T12:02:40.568+0000] {docker.py:429} INFO - + set -e
[2024-04-04T12:02:40.595+0000] {docker.py:429} INFO - + '[' -z root:x:0:0:root:/root:/bin/bash ']'
[2024-04-04T12:02:40.601+0000] {docker.py:429} INFO - + SPARK_CLASSPATH=':/opt/spark/jars/*'
[2024-04-04T12:02:40.611+0000] {docker.py:429} INFO - + sed 's/[^=]*=\(.*\)/\1/g'
[2024-04-04T12:02:40.625+0000] {docker.py:429} INFO - + grep SPARK_JAVA_OPT_
+ sort -t_ -k4 -n
[2024-04-04T12:02:40.625+0000] {docker.py:429} INFO - + env
[2024-04-04T12:02:40.625+0000] {docker.py:429} INFO - + readarray -t SPARK_EXECUTOR_JAVA_OPTS
[2024-04-04T12:02:40.626+0000] {docker.py:429} INFO - + '[' -n '' ']'
[2024-04-04T12:02:40.626+0000] {docker.py:429} INFO - + '[' -z ']'
[2024-04-04T12:02:40.626+0000] {docker.py:429} INFO - + '[' -z ']'
[2024-04-04T12:02:40.626+0000] {docker.py:429} INFO - + '[' -n '' ']'
[2024-04-04T12:02:40.626+0000] {docker.py:429} INFO - + '[' -z ']'
[2024-04-04T12:02:40.627+0000] {docker.py:429} INFO - + '[' -z ']'
[2024-04-04T12:02:40.627+0000] {docker.py:429} INFO - + '[' -z x ']'
[2024-04-04T12:02:40.627+0000] {docker.py:429} INFO - + SPARK_CLASSPATH='/opt/spark/conf::/opt/spark/jars/*'
[2024-04-04T12:02:40.627+0000] {docker.py:429} INFO - + case "$1" in
[2024-04-04T12:02:40.627+0000] {docker.py:429} INFO - + echo 'Non-spark-on-k8s command provided, proceeding in pass-through mode...'
[2024-04-04T12:02:40.632+0000] {docker.py:429} INFO - Non-spark-on-k8s command provided, proceeding in pass-through mode...
[2024-04-04T12:02:40.636+0000] {docker.py:429} INFO - + CMD=("$@")
[2024-04-04T12:02:40.637+0000] {docker.py:429} INFO - + exec /usr/bin/tini -s -- python /opt/spark/etl_task_2_new.py
[2024-04-04T12:02:40.640+0000] {docker.py:429} INFO - python: can't open file '/opt/spark/etl_task_2_new.py': [Errno 2] No such file or directory
[2024-04-04T12:02:40.909+0000] {taskinstance.py:2731} ERROR - Task failed with exception
Traceback (most recent call last):
  File "/home/datatalks_jan/anaconda3/lib/python3.11/site-packages/airflow/models/taskinstance.py", line 444, in _execute_task
    result = _execute_callable(context=context, **execute_callable_kwargs)
             ^^^^^^^^^^^^^^^^^^^^^^^^^^^^^^^^^^^^^^^^^^^^^^^^^^^^^^^^^^^^^
  File "/home/datatalks_jan/anaconda3/lib/python3.11/site-packages/airflow/models/taskinstance.py", line 414, in _execute_callable
    return execute_callable(context=context, **execute_callable_kwargs)
           ^^^^^^^^^^^^^^^^^^^^^^^^^^^^^^^^^^^^^^^^^^^^^^^^^^^^^^^^^^^^
  File "/home/datatalks_jan/anaconda3/lib/python3.11/site-packages/airflow/providers/docker/operators/docker.py", line 502, in execute
    return self._run_image()
           ^^^^^^^^^^^^^^^^^
  File "/home/datatalks_jan/anaconda3/lib/python3.11/site-packages/airflow/providers/docker/operators/docker.py", line 364, in _run_image
    return self._run_image_with_mounts([*self.mounts, tmp_mount], add_tmp_variable=True)
           ^^^^^^^^^^^^^^^^^^^^^^^^^^^^^^^^^^^^^^^^^^^^^^^^^^^^^^^^^^^^^^^^^^^^^^^^^^^^^
  File "/home/datatalks_jan/anaconda3/lib/python3.11/site-packages/airflow/providers/docker/operators/docker.py", line 437, in _run_image_with_mounts
    raise DockerContainerFailedException(f"Docker container failed: {result!r}", logs=log_lines)
airflow.providers.docker.exceptions.DockerContainerFailedException: Docker container failed: {'StatusCode': 2}
[2024-04-04T12:02:40.931+0000] {taskinstance.py:1149} INFO - Marking task as FAILED. dag_id=conrad_coding_test, task_id=task_2_spark, execution_date=20240404T120125, start_date=20240404T120239, end_date=20240404T120240
[2024-04-04T12:02:40.975+0000] {standard_task_runner.py:107} ERROR - Failed to execute job 21 for task task_2_spark (Docker container failed: {'StatusCode': 2}; 142395)
[2024-04-04T12:02:41.008+0000] {local_task_job_runner.py:234} INFO - Task exited with return code 1
[2024-04-04T12:02:41.035+0000] {taskinstance.py:3312} INFO - 0 downstream tasks scheduled from follow-on schedule check
